app/build/intermediates/manifest_merge_blame_file/debug/manifest-merger-blame-debug-report.txt
1<?xml version="1.0" encoding="utf-8"?>
2<manifest xmlns:android="http://schemas.android.com/apk/res/android"
3    package="com.tencent.yolov8ncnn"
4    android:versionCode="1"
5    android:versionName="1.1" >
6
7    <uses-sdk
8        android:minSdkVersion="24"
8-->src\main\AndroidManifest.xml
9        android:targetSdkVersion="24" />
9-->src\main\AndroidManifest.xml
10
11    <uses-permission android:name="android.permission.CAMERA" />
11-->src\main\AndroidManifest.xml:6:5-65
11-->src\main\AndroidManifest.xml:6:22-62
12
13    <uses-feature android:name="android.hardware.camera2.full" />
13-->src\main\AndroidManifest.xml:7:5-66
13-->src\main\AndroidManifest.xml:7:19-63
14    <!-- Although the *SdkVersion is captured in gradle build files, this is required for non gradle builds -->
15    <!-- <uses-sdk android:minSdkVersion="14"/> -->
16    <uses-permission android:name="android.permission.ACCESS_NETWORK_STATE" />
16-->[com.google.android.datatransport:transport-backend-cct:3.1.0] AndroidManifest.xml:25:5-79
16-->[com.google.android.datatransport:transport-backend-cct:3.1.0] AndroidManifest.xml:25:22-76
17    <uses-permission android:name="android.permission.INTERNET" />
17-->[com.google.android.datatransport:transport-backend-cct:3.1.0] AndroidManifest.xml:26:5-67
17-->[com.google.android.datatransport:transport-backend-cct:3.1.0] AndroidManifest.xml:26:22-64
18
19    <application
19-->src\main\AndroidManifest.xml:9:5-39:19
20        android:appComponentFactory="androidx.core.app.CoreComponentFactory"
20-->[androidx.core:core:1.8.0] AndroidManifest.xml:24:18-86
21        android:debuggable="true"
22        android:extractNativeLibs="false"
23        android:icon="@mipmap/app"
23-->src\main\AndroidManifest.xml:10:13-39
24        android:label="@string/app_name"
24-->src\main\AndroidManifest.xml:11:13-45
25        android:testOnly="true" >
26        <activity
26-->src\main\AndroidManifest.xml:13:9-22:20
27            android:name="com.tencent.yolov8ncnn.MainActivity"
27-->src\main\AndroidManifest.xml:13:19-46
28            android:exported="true"
28-->src\main\AndroidManifest.xml:14:19-42
29            android:label="@string/app_name"
29-->src\main\AndroidManifest.xml:16:19-51
30            android:screenOrientation="portrait"
30-->src\main\AndroidManifest.xml:17:19-55
31            android:theme="@style/Theme.AppCompat.Light.NoActionBar" >
31-->src\main\AndroidManifest.xml:15:19-75
32            <intent-filter>
32-->src\main\AndroidManifest.xml:18:13-21:29
33                <action android:name="android.intent.action.MAIN" />
33-->src\main\AndroidManifest.xml:19:17-69
33-->src\main\AndroidManifest.xml:19:25-66
34
35                <category android:name="android.intent.category.LAUNCHER" />
35-->src\main\AndroidManifest.xml:20:17-77
35-->src\main\AndroidManifest.xml:20:27-74
36            </intent-filter>
37        </activity>
38        <activity
38-->src\main\AndroidManifest.xml:23:9-25:20
39            android:name="com.tencent.yolov8ncnn.PythonActivity"
39-->src\main\AndroidManifest.xml:23:19-49
40            android:exported="true" >
40-->src\main\AndroidManifest.xml:24:19-42
41        </activity>
42        <activity
42-->src\main\AndroidManifest.xml:26:9-30:20
43            android:name="com.tencent.yolov8ncnn.LessonActivity"
43-->src\main\AndroidManifest.xml:26:19-49
44            android:exported="true"
44-->src\main\AndroidManifest.xml:29:19-42
45            android:theme="@style/Theme.AppCompat.Light.NoActionBar" >
45-->src\main\AndroidManifest.xml:27:19-75
46        </activity>
47        <activity
47-->src\main\AndroidManifest.xml:31:9-33:20
48            android:name="com.tencent.yolov8ncnn.handActivity"
48-->src\main\AndroidManifest.xml:31:19-46
49            android:exported="true" >
49-->src\main\AndroidManifest.xml:32:9-32
50        </activity>
51        <activity
51-->src\main\AndroidManifest.xml:34:9-37:20
52            android:name="com.tencent.yolov8ncnn.Test.TestActivity"
52-->src\main\AndroidManifest.xml:34:19-52
53            android:exported="true"
53-->src\main\AndroidManifest.xml:36:19-42
54            android:theme="@style/Theme.AppCompat.Light.NoActionBar" >
54-->src\main\AndroidManifest.xml:35:19-75
55        </activity>
56
57        <provider
57-->[androidx.emoji2:emoji2:1.2.0] AndroidManifest.xml:24:9-32:20
58            android:name="androidx.startup.InitializationProvider"
58-->[androidx.emoji2:emoji2:1.2.0] AndroidManifest.xml:25:13-67
59            android:authorities="com.tencent.yolov8ncnn.androidx-startup"
59-->[androidx.emoji2:emoji2:1.2.0] AndroidManifest.xml:26:13-68
60            android:exported="false" >
60-->[androidx.emoji2:emoji2:1.2.0] AndroidManifest.xml:27:13-37
61            <meta-data
61-->[androidx.emoji2:emoji2:1.2.0] AndroidManifest.xml:29:13-31:52
62                android:name="androidx.emoji2.text.EmojiCompatInitializer"
62-->[androidx.emoji2:emoji2:1.2.0] AndroidManifest.xml:30:17-75
63                android:value="androidx.startup" />
63-->[androidx.emoji2:emoji2:1.2.0] AndroidManifest.xml:31:17-49
64            <meta-data
64-->[androidx.lifecycle:lifecycle-process:2.4.1] AndroidManifest.xml:31:13-33:52
65                android:name="androidx.lifecycle.ProcessLifecycleInitializer"
65-->[androidx.lifecycle:lifecycle-process:2.4.1] AndroidManifest.xml:32:17-78
66                android:value="androidx.startup" />
66-->[androidx.lifecycle:lifecycle-process:2.4.1] AndroidManifest.xml:33:17-49
67        </provider>
68
69        <service
69-->[com.google.android.datatransport:transport-backend-cct:3.1.0] AndroidManifest.xml:29:9-35:19
70            android:name="com.google.android.datatransport.runtime.backends.TransportBackendDiscovery"
70-->[com.google.android.datatransport:transport-backend-cct:3.1.0] AndroidManifest.xml:30:13-103
71            android:exported="false" >
71-->[com.google.android.datatransport:transport-backend-cct:3.1.0] AndroidManifest.xml:31:13-37
72            <meta-data
72-->[com.google.android.datatransport:transport-backend-cct:3.1.0] AndroidManifest.xml:32:13-34:39
73                android:name="backend:com.google.android.datatransport.cct.CctBackendFactory"
73-->[com.google.android.datatransport:transport-backend-cct:3.1.0] AndroidManifest.xml:33:17-94
74                android:value="cct" />
74-->[com.google.android.datatransport:transport-backend-cct:3.1.0] AndroidManifest.xml:34:17-36
75        </service>
76        <service
76-->[com.google.android.datatransport:transport-runtime:3.1.0] AndroidManifest.xml:26:9-30:19
77            android:name="com.google.android.datatransport.runtime.scheduling.jobscheduling.JobInfoSchedulerService"
77-->[com.google.android.datatransport:transport-runtime:3.1.0] AndroidManifest.xml:27:13-117
78            android:exported="false"
78-->[com.google.android.datatransport:transport-runtime:3.1.0] AndroidManifest.xml:28:13-37
79            android:permission="android.permission.BIND_JOB_SERVICE" >
79-->[com.google.android.datatransport:transport-runtime:3.1.0] AndroidManifest.xml:29:13-69
80        </service>
81
82        <receiver
82-->[com.google.android.datatransport:transport-runtime:3.1.0] AndroidManifest.xml:32:9-34:40
83            android:name="com.google.android.datatransport.runtime.scheduling.jobscheduling.AlarmManagerSchedulerBroadcastReceiver"
83-->[com.google.android.datatransport:transport-runtime:3.1.0] AndroidManifest.xml:33:13-132
84            android:exported="false" />
84-->[com.google.android.datatransport:transport-runtime:3.1.0] AndroidManifest.xml:34:13-37
85    </application>
86
87</manifest>